<?xml version="1.0" encoding="UTF-8"?>
<testsuite xmlns:xsi="http://www.w3.org/2001/XMLSchema-instance" xsi:schemaLocation="https://maven.apache.org/surefire/maven-surefire-plugin/xsd/surefire-test-report.xsd" name="co.com.appgate.swordphish.runners.ValidateUrl" time="26.786" tests="8" errors="0" skipped="0" failures="0">
  <properties>
[...]
</properties>
  <testcase name="URL Success" classname="As a use I want to validate URL with swordphish service" time="3.879"/>
  <testcase name="URL Success" classname="As a use I want to validate URL with swordphish service" time="3.375"/>
  <testcase name="URL Success" classname="As a use I want to validate URL with swordphish service" time="3.315"/>
  <testcase name="URL Success" classname="As a use I want to validate URL with swordphish service" time="2.519"/>
  <testcase name="Page Phishing" classname="As a use I want to validate URL with swordphish service" time="2.52"/>
  <testcase name="Legal page and phishing page" classname="As a use I want to validate URL with swordphish service" time="3.374"/>
  <testcase name="Legal pages" classname="As a use I want to validate URL with swordphish service" time="3.3"/>
  <testcase name="Phishing pages" classname="As a use I want to validate URL with swordphish service" time="3.178"/>
</testsuite>